<?xml version="1.0" encoding="UTF-8"?>
<robot generator="Robot 3.1.2 (Python 3.7.0 on win32)" generated="20191124 13:39:14.045" rpa="false">
<suite id="s1" name="Demo1" source="D:\demorobot\tests\demo1.robot">
<test id="s1-t1" name="demo test case 3">
<kw name="launch chrome" library="actitime">
<kw name="Launchbrowser" library="userdefinedkeywords">
<status status="PASS" starttime="20191124 13:39:14.357" endtime="20191124 13:39:18.872"></status>
</kw>
<status status="PASS" starttime="20191124 13:39:14.357" endtime="20191124 13:39:18.873"></status>
</kw>
<tags>
<tag>system</tag>
</tags>
<status status="PASS" starttime="20191124 13:39:14.357" endtime="20191124 13:39:18.873" critical="yes"></status>
</test>
<status status="PASS" starttime="20191124 13:39:14.045" endtime="20191124 13:39:18.875"></status>
</suite>
<statistics>
<total>
<stat pass="1" fail="0">Critical Tests</stat>
<stat pass="1" fail="0">All Tests</stat>
</total>
<tag>
<stat pass="1" fail="0">system</stat>
</tag>
<suite>
<stat pass="1" fail="0" id="s1" name="Demo1">Demo1</stat>
</suite>
</statistics>
<errors>
</errors>
</robot>
